<?xml version="1.0" encoding="UTF-8"?>
<!-- Generated by org.testng.reporters.JUnitReportReporter -->
<testsuite hostname="QSP" failures="0" tests="4" name="testng.Test1" time="0.045" errors="0" timestamp="2021-11-28T09:16:09 IST" skipped="0">
  <testcase classname="testng.Test1" name="calls" time="0.033"/>
  <testcase classname="testng.Test1" name="chats" time="0.003"/>
  <testcase classname="testng.Test1" name="calls1" time="0.005"/>
  <testcase classname="testng.Test1" name="settings" time="0.004"/>
</testsuite> <!-- testng.Test1 -->
