<?xml version="1.0" encoding="UTF-8"?>
<!-- Generated by org.testng.reporters.JUnitReportReporter -->
<testsuite hostname="QSP" failures="0" tests="5" name="testng.Test2" time="0.088" errors="0" timestamp="2021-11-28T09:35:01 IST" skipped="1">
  <testcase classname="testng.Test2" name="calls" time="0.072"/>
  <testcase classname="testng.Test2" name="status" time="0.004"/>
  <testcase classname="testng.Test2" name="status" time="0.008"/>
  <testcase classname="testng.Test2" name="status" time="0.004"/>
  <testcase classname="testng.Test2" name="settings">
    <skipped/>
  </testcase> <!-- settings -->
</testsuite> <!-- testng.Test2 -->
