<?xml version="1.0" encoding="UTF-8"?>
<!-- Generated by org.testng.reporters.JUnitReportReporter -->
<testsuite hostname="QSP" failures="0" tests="1" name="testng.Testcase3" time="15.619" errors="0" timestamp="2021-11-28T10:41:13 IST" skipped="0">
  <testcase classname="testng.Testcase3" name="tc3" time="15.619"/>
</testsuite> <!-- testng.Testcase3 -->
