<?xml version="1.0" encoding="UTF-8"?>
<!-- Generated by org.testng.reporters.JUnitReportReporter -->
<testsuite hostname="QSP" failures="0" tests="1" name="testng.Testcase2" time="7.875" errors="0" timestamp="2021-11-28T10:41:13 IST" skipped="0">
  <testcase classname="testng.Testcase2" name="tc2" time="7.875"/>
</testsuite> <!-- testng.Testcase2 -->
