<?xml version="1.0" encoding="UTF-8"?>
<!-- Generated by org.testng.reporters.JUnitReportReporter -->
<testsuite hostname="QSP" failures="0" tests="1" name="testng.Testcase1" time="11.272" errors="0" timestamp="2021-11-28T10:44:12 IST" skipped="0">
  <testcase classname="testng.Testcase1" name="tc1" time="11.272"/>
</testsuite> <!-- testng.Testcase1 -->
